[2025-06-09T00:21:05.642339+02:00] TomsShopLogger.WARNING: Unauthorized access attempt by unauthenticated user {"requested_url":"https://eso.vse.cz/~vrat03/sp-final/logout.php"} []
[2025-06-09T00:21:45.449869+02:00] TomsShopLogger.INFO: User logged in {"user_id":5,"email":"vrat03@vse.cz"} []
[2025-06-09T00:21:56.216091+02:00] TomsShopLogger.INFO: User logged out {"user_id":5,"email":"vrat03@vse.cz"} []
[2025-06-09T13:43:12.104606+02:00] TomsShopLogger.INFO: User logged in {"user_id":5,"email":"vrat03@vse.cz"} []
[2025-06-10T21:57:43.654040+02:00] TomsShopLogger.INFO: User logged in {"user_id":5,"email":"vrat03@vse.cz"} []
[2025-06-12T22:58:21.792242+02:00] TomsShopLogger.DEBUG: Registration email not sent due to domain restrictions {"user_id":16,"name":"Lukáš Vorel","email":"lukvorlik@gmail.com","phone":"+420608707262","address":"Hrdličkova 2207/3, Praha 4 - Chodov"} []
[2025-06-12T22:58:21.798094+02:00] TomsShopLogger.INFO: New user registered {"user_id":"16","name":"Lukáš Vorel","email":"lukvorlik@gmail.com","phone":"+420608707262","address":"Hrdličkova 2207/3, Praha 4 - Chodov"} []
[2025-06-12T23:27:40.491460+02:00] TomsShopLogger.INFO: User logged in {"user_id":16,"email":"lukvorlik@gmail.com"} []
[2025-06-12T23:27:53.942654+02:00] TomsShopLogger.WARNING: Unauthorized access attempt by unauthenticated user {"requested_url":"https://eso.vse.cz/~vrat03/sp-final/checkout.php"} []
[2025-06-12T23:27:54.829058+02:00] TomsShopLogger.DEBUG: Order confirmation email not sent due to domain restrictions {"email":"lukvorlik@gmail.com","order_id":29} []
[2025-06-12T23:27:54.829256+02:00] TomsShopLogger.INFO: Order created successfully {"order_id":"29","user_id":16,"items":[{"id":1,"price":"577","quantity":1}]} []
[2025-06-12T23:28:25.677037+02:00] TomsShopLogger.INFO: User logged in {"user_id":5,"email":"vrat03@vse.cz"} []
[2025-06-12T23:28:33.788934+02:00] TomsShopLogger.WARNING: Unauthorized access attempt by unauthenticated user {"requested_url":"https://eso.vse.cz/~vrat03/sp-final/admin/users.php"} []
[2025-06-12T23:29:06.217768+02:00] TomsShopLogger.WARNING: Unauthorized access attempt by unauthenticated user {"requested_url":"https://eso.vse.cz/~vrat03/sp-final/admin/edit-items.php"} []
[2025-06-12T23:29:11.031318+02:00] TomsShopLogger.DEBUG: Order confirmation email not sent due to domain restrictions {"email":"lukvorlik@gmail.com","order_id":30} []
[2025-06-12T23:29:11.031784+02:00] TomsShopLogger.INFO: Order created successfully {"order_id":"30","user_id":16,"items":[{"id":11,"price":"1407","quantity":1},{"id":453,"price":"1418","quantity":1}]} []
[2025-06-12T23:29:16.349446+02:00] TomsShopLogger.WARNING: Unauthorized access attempt by unauthenticated user {"requested_url":"https://eso.vse.cz/~vrat03/sp-final/download_invoice.php?order_id=30"} []
[2025-06-12T23:29:23.297180+02:00] TomsShopLogger.WARNING: Unauthorized access attempt by unauthenticated user {"requested_url":"https://eso.vse.cz/~vrat03/sp-final/admin/order-history.php"} []
[2025-06-12T23:30:58.549023+02:00] TomsShopLogger.DEBUG: Registration email not sent due to domain restrictions {"user_id":17,"name":"Kateřina Vránová","email":"kacka-vranova@seznam.cz","phone":"732528879","address":"Hrdličkova 2207/3 Praha 4"} []
[2025-06-12T23:30:58.550245+02:00] TomsShopLogger.INFO: New user registered {"user_id":"17","name":"Kateřina Vránová","email":"kacka-vranova@seznam.cz","phone":"732528879","address":"Hrdličkova 2207/3 Praha 4"} []
[2025-06-12T23:31:11.979299+02:00] TomsShopLogger.INFO: User logged in {"user_id":17,"email":"kacka-vranova@seznam.cz"} []
[2025-06-12T23:31:42.055542+02:00] TomsShopLogger.DEBUG: Order confirmation email not sent due to domain restrictions {"email":"kacka-vranova@seznam.cz","order_id":31} []
[2025-06-12T23:31:42.055861+02:00] TomsShopLogger.INFO: Order created successfully {"order_id":"31","user_id":17,"items":[{"id":4,"price":"1329","quantity":1},{"id":3,"price":"1160","quantity":1},{"id":6,"price":"1187","quantity":1}]} []
[2025-06-12T23:32:03.616407+02:00] TomsShopLogger.WARNING: Unauthorized access attempt by unauthenticated user {"requested_url":"https://eso.vse.cz/~vrat03/sp-final/download_invoice.php?order_id=31"} []
[2025-06-12T23:33:44.129836+02:00] TomsShopLogger.DEBUG: Order confirmation email not sent due to domain restrictions {"email":"kacka-vranova@seznam.cz","order_id":32} []
[2025-06-12T23:33:44.130144+02:00] TomsShopLogger.INFO: Order created successfully {"order_id":"32","user_id":17,"items":[{"id":4,"price":"1329","quantity":2},{"id":2,"price":"512","quantity":4}]} []
[2025-06-12T23:38:18.437816+02:00] TomsShopLogger.DEBUG: Order confirmation email not sent due to domain restrictions {"email":"kacka-vranova@seznam.cz","order_id":33} []
[2025-06-12T23:38:18.438211+02:00] TomsShopLogger.INFO: Order created successfully {"order_id":"33","user_id":17,"items":[{"id":11,"price":"1407","quantity":6},{"id":13,"price":"1008","quantity":1},{"id":17,"price":"1384","quantity":1},{"id":7,"price":"240","quantity":1}]} []
[2025-06-12T23:39:06.643233+02:00] TomsShopLogger.DEBUG: Order confirmation email not sent due to domain restrictions {"email":"kacka-vranova@seznam.cz","order_id":34} []
[2025-06-12T23:39:06.643774+02:00] TomsShopLogger.INFO: Order created successfully {"order_id":"34","user_id":17,"items":[{"id":9,"price":"1232","quantity":6}]} []
[2025-06-12T23:42:37.805096+02:00] TomsShopLogger.INFO: User account updated {"user_id":17,"name":"Kateřina Vránová","phone":"732528879","address":"Hrdličkova 2207/3 Praha 4 14800"} []
[2025-06-12T23:43:15.841267+02:00] TomsShopLogger.INFO: User account updated {"user_id":17,"name":"Kateřina Vorlová","phone":"732528879","address":"Hrdličkova 2207/3 Praha 4 14800"} []
[2025-06-12T23:49:00.485350+02:00] TomsShopLogger.WARNING: Unauthorized access attempt by unauthenticated user {"requested_url":"https://eso.vse.cz/~vrat03/sp-final/admin/order-history.php"} []
[2025-06-15T17:29:22.326615+02:00] TomsShopLogger.INFO: User logged in {"user_id":5,"email":"vrat03@vse.cz"} []
[2025-06-15T17:29:34.671332+02:00] TomsShopLogger.INFO: Product updated {"product_id":1,"name":"Die Macher","price":"577","imgURL":"https://cf.geekdo-images.com/rpwCZAjYLD940NWwP3SRoA__original/img/yR0aoBVKNrAmmCuBeSzQnMflLYg=/0x0/filters:format(jpeg)/pic4718279.jpg","imgThumbURL":"https://cf.geekdo-images.com/rpwCZAjYLD940NWwP3SRoA__thumb/img/YT6svCVsWqLrDitcMEtyazVktbQ=/fit-in/200x150/filters:strip_icc()/pic4718279.jpg","quantity":"2","description":"Die Macher is a game about seven sequential political races in different regions of Germany. Players are in charge of national political parties, and must manage limited resources to help their party to victory. The winning party will have the most victory points after all the regional elections. There are four different ways of scoring victory points. First, each regional election can supply one to eighty victory points, depending on the size of the region and how well your party does in it. Second, if a party wins a regional election and has some media influence in the region, then the party will receive some media-control victory points. Third, each party has a national party membership which will grow as the game progresses and this will supply a fair number of victory points. Lastly, parties score some victory points if their party platform matches the national opinions at the end of the game.&amp;amp;amp;#10;&amp;amp;amp;#10;The 1986 edition featured four parties from the old West Germany and supported 3-4 players. The 1997 edition supports up to five players in the re-united Germany and updated several features of the rules as well.  The 2006 edition also supports up to five players and adds a shorter five-round variant and additional rules updates by the original designer.&amp;amp;amp;#10;&amp;amp;amp;#10;","minPlayers":"3","maxPlayers":"5","playtime":"240","categories":["1001","1021","1026"]} []
[2025-06-15T17:29:41.257200+02:00] TomsShopLogger.INFO: User logged out {"user_id":5,"email":"vrat03@vse.cz"} []
[2025-06-15T17:30:10.740178+02:00] TomsShopLogger.INFO: User logged in {"user_id":5,"email":"vrat03@vse.cz"} []
[2025-06-15T17:31:07.923788+02:00] TomsShopLogger.INFO: Order status change email sent {"email":"vrat03@vse.cz","order_id":16,"status":"completed"} []
[2025-06-15T17:31:31.918635+02:00] TomsShopLogger.WARNING: Unauthorized access attempt by unauthenticated user {"requested_url":"https://eso.vse.cz/~vrat03/sp-final/account-history.php"} []
