[2025-06-07T21:12:29.106053+02:00] TomsShopLogger.WARNING: Unauthorized access attempt by unauthenticated user {"requested_url":"https://eso.vse.cz/~vrat03/sp-final/admin/order-history.php"} []
[2025-06-07T21:12:47.859528+02:00] TomsShopLogger.INFO: User logged in {"user_id":5,"email":"vrat03@vse.cz"} []
[2025-06-07T21:12:55.301419+02:00] TomsShopLogger.DEBUG: Order status change email not sent due to domain restrictions {"email":"samot.vrana@gmail.com","order_id":15,"status":"completed"} []
[2025-06-08T22:01:35.020324+02:00] TomsShopLogger.WARNING: Unauthorized access attempt by unauthenticated user {"requested_url":"https://eso.vse.cz/~vrat03/sp-final/add-to-cart.php"} []
[2025-06-08T22:01:44.703905+02:00] TomsShopLogger.WARNING: Unauthorized access attempt by unauthenticated user {"requested_url":"https://eso.vse.cz/~vrat03/sp-final/add-to-cart.php"} []
[2025-06-08T22:10:41.528888+02:00] TomsShopLogger.WARNING: Unauthorized access attempt by unauthenticated user {"requested_url":"https://eso.vse.cz/~vrat03/sp-final/add-to-cart.php"} []
[2025-06-08T22:10:51.257734+02:00] TomsShopLogger.INFO: New user registered with Google {"user_id":"15","name":"Matěj Bílý","email":"matej.bily11@gmail.com"} []
[2025-06-08T22:14:10.218415+02:00] TomsShopLogger.WARNING: Unauthorized access attempt by unauthenticated user {"requested_url":"https://eso.vse.cz/~vrat03/sp-final/add-to-cart.php"} []
[2025-06-08T22:14:11.826334+02:00] TomsShopLogger.WARNING: Unauthorized access attempt by unauthenticated user {"requested_url":"https://eso.vse.cz/~vrat03/sp-final/add-to-cart.php"} []
[2025-06-08T22:14:15.225974+02:00] TomsShopLogger.WARNING: Unauthorized access attempt by unauthenticated user {"requested_url":"https://eso.vse.cz/~vrat03/sp-final/add-to-cart.php"} []
[2025-06-08T22:14:15.878472+02:00] TomsShopLogger.WARNING: Unauthorized access attempt by unauthenticated user {"requested_url":"https://eso.vse.cz/~vrat03/sp-final/add-to-cart.php"} []
[2025-06-08T22:14:16.095604+02:00] TomsShopLogger.WARNING: Unauthorized access attempt by unauthenticated user {"requested_url":"https://eso.vse.cz/~vrat03/sp-final/add-to-cart.php"} []
[2025-06-08T22:14:16.282627+02:00] TomsShopLogger.WARNING: Unauthorized access attempt by unauthenticated user {"requested_url":"https://eso.vse.cz/~vrat03/sp-final/add-to-cart.php"} []
[2025-06-08T22:14:16.444976+02:00] TomsShopLogger.WARNING: Unauthorized access attempt by unauthenticated user {"requested_url":"https://eso.vse.cz/~vrat03/sp-final/add-to-cart.php"} []
[2025-06-08T22:14:16.652356+02:00] TomsShopLogger.WARNING: Unauthorized access attempt by unauthenticated user {"requested_url":"https://eso.vse.cz/~vrat03/sp-final/add-to-cart.php"} []
[2025-06-08T22:14:16.796441+02:00] TomsShopLogger.WARNING: Unauthorized access attempt by unauthenticated user {"requested_url":"https://eso.vse.cz/~vrat03/sp-final/add-to-cart.php"} []
[2025-06-08T22:14:19.898207+02:00] TomsShopLogger.WARNING: Unauthorized access attempt by unauthenticated user {"requested_url":"https://eso.vse.cz/~vrat03/sp-final/add-to-cart.php"} []
[2025-06-08T22:18:46.376634+02:00] TomsShopLogger.WARNING: Unauthorized access attempt by unauthenticated user {"requested_url":"https://eso.vse.cz/~vrat03/sp-final/add-to-cart.php"} []
[2025-06-08T22:18:55.527355+02:00] TomsShopLogger.INFO: User account updated {"user_id":"15","name":"Matěj Bílý","phone":"728688534","address":"Poděbradská 536/87 Praha 6, Czechia"} []
[2025-06-08T22:19:01.226885+02:00] TomsShopLogger.DEBUG: Order confirmation email not sent due to domain restrictions {"email":"matej.bily11@gmail.com","order_id":28} []
[2025-06-08T22:19:01.227087+02:00] TomsShopLogger.INFO: Order created successfully {"order_id":"28","user_id":"15","items":[{"id":13,"price":"1008","quantity":1},{"id":94,"price":"906","quantity":1}]} []
[2025-06-08T22:19:38.945926+02:00] TomsShopLogger.WARNING: Unauthorized access attempt by unauthenticated user {"requested_url":"https://eso.vse.cz/~vrat03/sp-final/add-to-cart.php"} []
[2025-06-08T22:20:28.474556+02:00] TomsShopLogger.WARNING: Unauthorized access attempt by unauthenticated user {"requested_url":"https://eso.vse.cz/~vrat03/sp-final/add-to-cart.php"} []
[2025-06-08T22:47:05.777439+02:00] TomsShopLogger.INFO: User logged in {"user_id":5,"email":"vrat03@vse.cz"} []
