[2025-06-03T18:43:45.477570+02:00] TomsShopLogger.INFO: User logged out {"user_id":6,"email":null} []
[2025-06-03T18:44:12.480686+02:00] TomsShopLogger.INFO: User logged in {"user_id":5,"email":"vrat03@vse.cz"} []
[2025-06-03T19:01:53.886166+02:00] TomsShopLogger.INFO: User logged out {"user_id":5,"email":"vrat03@vse.cz"} []
[2025-06-03T19:02:06.291147+02:00] TomsShopLogger.INFO: User logged in {"user_id":5,"email":"vrat03@vse.cz"} []
[2025-06-03T19:02:15.665697+02:00] TomsShopLogger.INFO: User privilege updated {"user_id":6,"new_privilege":2} []
[2025-06-03T19:44:20.871465+02:00] TomsShopLogger.INFO: User privilege updated {"user_id":6,"new_privilege":1} []
[2025-06-03T19:44:30.280723+02:00] TomsShopLogger.INFO: User privilege updated {"user_id":6,"new_privilege":2} []
[2025-06-03T21:44:13.538055+02:00] TomsShopLogger.INFO: User logged out {"user_id":5,"email":"vrat03@vse.cz"} []
[2025-06-03T21:44:26.503789+02:00] TomsShopLogger.INFO: User logged in {"user_id":5,"email":"vrat03@vse.cz"} []
[2025-06-03T22:02:14.510942+02:00] TomsShopLogger.DEBUG: Order status change email not sent due to domain restrictions {"email":"samot.vrana@gmail.com","order_id":13,"status":"completed"} []
[2025-06-03T22:02:48.438357+02:00] TomsShopLogger.ERROR: Failed to send order confirmation email {"email":"vrat03@vse.cz","order_id":16} []
[2025-06-03T22:02:48.440356+02:00] TomsShopLogger.INFO: Order created successfully {"order_id":"16","user_id":5,"items":[]} []
[2025-06-03T22:05:15.036677+02:00] TomsShopLogger.ERROR: Failed to send order confirmation email {"email":"vrat03@vse.cz","order_id":17} []
[2025-06-03T22:05:15.039348+02:00] TomsShopLogger.INFO: Order created successfully {"order_id":"17","user_id":5,"items":[{"id":167,"price":"1001","quantity":1},{"id":224,"price":"794","quantity":1}]} []
[2025-06-03T22:05:46.239963+02:00] TomsShopLogger.INFO: User logged out {"user_id":5,"email":"vrat03@vse.cz"} []
[2025-06-03T22:05:51.510887+02:00] TomsShopLogger.WARNING: Unauthorized access attempt by unauthenticated user {"requested_url":"http://localhost/sp/admin/add-category.php"} []
[2025-06-03T22:06:26.004946+02:00] TomsShopLogger.INFO: User logged out {"user_id":6,"email":null} []
[2025-06-03T22:06:48.079895+02:00] TomsShopLogger.INFO: User logged in {"user_id":5,"email":"vrat03@vse.cz"} []
[2025-06-03T22:06:54.633589+02:00] TomsShopLogger.INFO: User privilege updated {"user_id":6,"new_privilege":1} []
[2025-06-03T22:07:01.315769+02:00] TomsShopLogger.INFO: User logged out {"user_id":5,"email":"vrat03@vse.cz"} []
[2025-06-03T22:07:19.142897+02:00] TomsShopLogger.WARNING: Unauthorized access attempt {"requested_url":"http://localhost/sp/admin/add-category.php","user_id":6,"required_privilege":2,"user_privilege":1} []
[2025-06-03T22:07:41.830714+02:00] TomsShopLogger.WARNING: Unauthorized access attempt {"requested_url":"http://localhost/sp/admin/edit-item.php?id=5000","user_id":6,"required_privilege":2,"user_privilege":1} []
[2025-06-03T22:08:17.682782+02:00] TomsShopLogger.INFO: User logged in {"user_id":5,"email":"vrat03@vse.cz"} []
[2025-06-03T22:08:24.438686+02:00] TomsShopLogger.INFO: User logged out {"user_id":6,"email":null} []
[2025-06-03T22:08:42.149497+02:00] TomsShopLogger.INFO: Category updated {"category_id":1001,"old_name":"Political","new_name":"Politica"} []
[2025-06-03T22:08:47.328469+02:00] TomsShopLogger.INFO: Category updated {"category_id":1001,"old_name":"Politica","new_name":"Political"} []
[2025-06-03T23:07:53.494449+02:00] TomsShopLogger.INFO: User logged in {"user_id":5,"email":"vrat03@vse.cz"} []
[2025-06-03T23:33:42.700380+02:00] TomsShopLogger.INFO: User logged out {"user_id":5,"email":"vrat03@vse.cz"} []
[2025-06-03T23:34:00.585420+02:00] TomsShopLogger.INFO: User logged in {"user_id":5,"email":"vrat03@vse.cz"} []
[2025-06-03T23:37:38.358352+02:00] TomsShopLogger.INFO: User logged out {"user_id":5,"email":"vrat03@vse.cz"} []
[2025-06-03T23:37:50.973282+02:00] TomsShopLogger.INFO: User logged in {"user_id":5,"email":"vrat03@vse.cz"} []
[2025-06-03T23:37:56.691727+02:00] TomsShopLogger.INFO: User logged out {"user_id":5,"email":"vrat03@vse.cz"} []
[2025-06-03T23:46:44.694214+02:00] TomsShopLogger.INFO: User logged in {"user_id":5,"email":"vrat03@vse.cz"} []
[2025-06-03T23:52:04.613250+02:00] TomsShopLogger.INFO: User logged out {"user_id":5,"email":"vrat03@vse.cz"} []
[2025-06-03T23:52:18.980736+02:00] TomsShopLogger.INFO: User logged in {"user_id":5,"email":"vrat03@vse.cz"} []
[2025-06-04T09:09:48.954589+02:00] TomsShopLogger.ERROR: Failed to send registration email {"user_id":10,"name":"Test","email":"test@vse.cz","phone":"","address":"Test"} []
[2025-06-04T09:09:49.077444+02:00] TomsShopLogger.INFO: New user registered {"user_id":"10","name":"Test","email":"test@vse.cz","phone":"","address":"Test"} []
[2025-06-04T09:09:59.982371+02:00] TomsShopLogger.INFO: User logged in {"user_id":10,"email":"test@vse.cz"} []
[2025-06-04T09:14:32.170001+02:00] TomsShopLogger.INFO: User logged out {"user_id":10,"email":"test@vse.cz"} []
[2025-06-04T09:15:03.505129+02:00] TomsShopLogger.ERROR: CSRF validation failed during registration {"ip":"::1","user_agent":"Mozilla/5.0 (Windows NT 10.0; Win64; x64) AppleWebKit/537.36 (KHTML, like Gecko) Chrome/137.0.0.0 Safari/537.36"} []
[2025-06-04T09:16:12.388771+02:00] TomsShopLogger.ERROR: CSRF validation failed during registration {"ip":"::1","user_agent":"Mozilla/5.0 (Windows NT 10.0; Win64; x64) AppleWebKit/537.36 (KHTML, like Gecko) Chrome/137.0.0.0 Safari/537.36"} []
[2025-06-04T09:16:17.195558+02:00] TomsShopLogger.ERROR: CSRF validation failed during registration {"ip":"::1","user_agent":"Mozilla/5.0 (Windows NT 10.0; Win64; x64) AppleWebKit/537.36 (KHTML, like Gecko) Chrome/137.0.0.0 Safari/537.36"} []
[2025-06-04T09:37:18.939405+02:00] TomsShopLogger.INFO: User logged in {"user_id":5,"email":"vrat03@vse.cz"} []
[2025-06-04T09:37:27.253289+02:00] TomsShopLogger.INFO: User privilege updated {"user_id":10,"new_privilege":2} []
[2025-06-04T09:37:57.220342+02:00] TomsShopLogger.INFO: User privilege updated {"user_id":10,"new_privilege":3} []
[2025-06-04T09:42:15.675079+02:00] TomsShopLogger.ERROR: Invalid CSRF token on edit item {"product_id":1,"user_id":5} []
[2025-06-04T09:43:34.896469+02:00] TomsShopLogger.INFO: User privilege updated {"user_id":10,"new_privilege":2} []
[2025-06-04T09:43:38.316510+02:00] TomsShopLogger.INFO: User privilege updated {"user_id":10,"new_privilege":3} []
[2025-06-04T09:44:08.322379+02:00] TomsShopLogger.ERROR: CSRF validation failed during privilege change {"ip":"::1","user_agent":"Mozilla/5.0 (Windows NT 10.0; Win64; x64) AppleWebKit/537.36 (KHTML, like Gecko) Chrome/137.0.0.0 Safari/537.36"} []
[2025-06-04T09:45:47.997305+02:00] TomsShopLogger.INFO: Category updated {"category_id":1001,"old_name":"Political","new_name":"Politica"} []
[2025-06-04T09:45:52.655633+02:00] TomsShopLogger.INFO: Category updated {"category_id":1001,"old_name":"Politica","new_name":"Political"} []
[2025-06-04T09:48:14.136153+02:00] TomsShopLogger.ERROR: Invalid CSRF token on edit-category.php {"ip":"::1","user_agent":"Mozilla/5.0 (Windows NT 10.0; Win64; x64) AppleWebKit/537.36 (KHTML, like Gecko) Chrome/137.0.0.0 Safari/537.36"} []
[2025-06-04T09:51:53.794641+02:00] TomsShopLogger.INFO: Category added {"category_id":"2728","name":"Test"} []
[2025-06-04T09:52:29.877212+02:00] TomsShopLogger.ERROR: Invalid CSRF token on edit-category.php {"ip":"::1","user_agent":"Mozilla/5.0 (Windows NT 10.0; Win64; x64) AppleWebKit/537.36 (KHTML, like Gecko) Chrome/137.0.0.0 Safari/537.36"} []
[2025-06-04T09:52:42.510824+02:00] TomsShopLogger.ERROR: Invalid CSRF token on edit-item.php {"product_id":1,"user_id":5} []
[2025-06-04T09:53:56.414195+02:00] TomsShopLogger.INFO: New product added {"product_id":"500","name":"test","price":"123","imgURL":"https://upload.wikimedia.org/wikipedia/en/7/73/Trollface.png","imgThumbURL":"https://upload.wikimedia.org/wikipedia/en/7/73/Trollface.png","quantity":"1","description":"Troll","minPlayers":"1","maxPlayers":"10","playtime":"420","categories":["1079"]} []
[2025-06-04T09:56:00.543877+02:00] TomsShopLogger.ERROR: Invalid CSRF token on edit-category.php {"ip":"::1","user_agent":"Mozilla/5.0 (Windows NT 10.0; Win64; x64) AppleWebKit/537.36 (KHTML, like Gecko) Chrome/137.0.0.0 Safari/537.36"} []
[2025-06-04T09:58:15.391806+02:00] TomsShopLogger.ERROR: Invalid CSRF token on edit-category.php {"ip":"::1","user_agent":"Mozilla/5.0 (Windows NT 10.0; Win64; x64) AppleWebKit/537.36 (KHTML, like Gecko) Chrome/137.0.0.0 Safari/537.36"} []
[2025-06-04T10:00:10.136552+02:00] TomsShopLogger.ERROR: Invalid CSRF token on edit-category.php {"ip":"::1","user_agent":"Mozilla/5.0 (Windows NT 10.0; Win64; x64) AppleWebKit/537.36 (KHTML, like Gecko) Chrome/137.0.0.0 Safari/537.36"} []
[2025-06-04T10:04:57.484434+02:00] TomsShopLogger.DEBUG: Order status change email not sent due to domain restrictions {"email":"samot.vrana@gmail.com","order_id":15,"status":"completed"} []
[2025-06-04T10:05:01.288104+02:00] TomsShopLogger.DEBUG: Order status change email not sent due to domain restrictions {"email":"samot.vrana@gmail.com","order_id":15,"status":"pending"} []
[2025-06-04T10:22:14.865208+02:00] TomsShopLogger.ERROR: Invalid CSRF token on edit-category.php {"ip":"::1","user_agent":"Mozilla/5.0 (Windows NT 10.0; Win64; x64) AppleWebKit/537.36 (KHTML, like Gecko) Chrome/137.0.0.0 Safari/537.36"} []
[2025-06-04T10:27:12.252410+02:00] TomsShopLogger.ERROR: Invalid CSRF token on edit-category.php {"ip":"::1","user_agent":"Mozilla/5.0 (Windows NT 10.0; Win64; x64) AppleWebKit/537.36 (KHTML, like Gecko) Chrome/137.0.0.0 Safari/537.36"} []
[2025-06-04T10:35:49.004524+02:00] TomsShopLogger.ERROR: Invalid CSRF token on edit-item.php {"ip":"::1","user_agent":"Mozilla/5.0 (Windows NT 10.0; Win64; x64) AppleWebKit/537.36 (KHTML, like Gecko) Chrome/137.0.0.0 Safari/537.36"} []
[2025-06-04T10:36:24.509745+02:00] TomsShopLogger.ERROR: Invalid CSRF token on edit-item.php {"ip":"::1","user_agent":"Mozilla/5.0 (Windows NT 10.0; Win64; x64) AppleWebKit/537.36 (KHTML, like Gecko) Chrome/137.0.0.0 Safari/537.36"} []
[2025-06-04T10:36:38.054156+02:00] TomsShopLogger.ERROR: Invalid CSRF token on edit-item.php {"ip":"::1","user_agent":"Mozilla/5.0 (Windows NT 10.0; Win64; x64) AppleWebKit/537.36 (KHTML, like Gecko) Chrome/137.0.0.0 Safari/537.36"} []
[2025-06-04T10:38:38.043178+02:00] TomsShopLogger.ERROR: Invalid CSRF token on edit-item.php {"ip":"::1","user_agent":"Mozilla/5.0 (Windows NT 10.0; Win64; x64) AppleWebKit/537.36 (KHTML, like Gecko) Chrome/137.0.0.0 Safari/537.36"} []
[2025-06-04T10:40:13.863748+02:00] TomsShopLogger.ERROR: Invalid CSRF token on edit-item.php {"ip":"::1","user_agent":"Mozilla/5.0 (Windows NT 10.0; Win64; x64) AppleWebKit/537.36 (KHTML, like Gecko) Chrome/137.0.0.0 Safari/537.36"} []
[2025-06-04T10:40:36.875007+02:00] TomsShopLogger.ERROR: Invalid CSRF token on edit-item.php {"ip":"::1","user_agent":"Mozilla/5.0 (Windows NT 10.0; Win64; x64) AppleWebKit/537.36 (KHTML, like Gecko) Chrome/137.0.0.0 Safari/537.36"} []
[2025-06-04T10:43:36.394098+02:00] TomsShopLogger.ERROR: Invalid CSRF token on edit-category.php {"ip":"::1","user_agent":"Mozilla/5.0 (Windows NT 10.0; Win64; x64) AppleWebKit/537.36 (KHTML, like Gecko) Chrome/137.0.0.0 Safari/537.36"} []
[2025-06-04T10:47:23.561693+02:00] TomsShopLogger.ERROR: Invalid CSRF token on edit-category.php {"ip":"::1","user_agent":"Mozilla/5.0 (Windows NT 10.0; Win64; x64) AppleWebKit/537.36 (KHTML, like Gecko) Chrome/137.0.0.0 Safari/537.36"} []
[2025-06-04T10:50:06.467312+02:00] TomsShopLogger.INFO: Category added {"category_id":"2729","name":"test2"} []
[2025-06-04T11:00:57.783524+02:00] TomsShopLogger.ERROR: Invalid CSRF token on edit-item.php {"ip":"::1","user_agent":"Mozilla/5.0 (Windows NT 10.0; Win64; x64) AppleWebKit/537.36 (KHTML, like Gecko) Chrome/137.0.0.0 Safari/537.36"} []
[2025-06-04T11:01:20.658835+02:00] TomsShopLogger.ERROR: Invalid CSRF token on edit-category.php {"ip":"::1","user_agent":"Mozilla/5.0 (Windows NT 10.0; Win64; x64) AppleWebKit/537.36 (KHTML, like Gecko) Chrome/137.0.0.0 Safari/537.36"} []
[2025-06-04T11:07:18.145857+02:00] TomsShopLogger.INFO: Category updated {"category_id":2729,"old_name":"test2","new_name":"test2.2"} []
[2025-06-04T11:11:22.044198+02:00] TomsShopLogger.INFO: Product updated {"product_id":500,"name":"test1","price":"123","imgURL":"https://upload.wikimedia.org/wikipedia/en/7/73/Trollface.png","imgThumbURL":"https://upload.wikimedia.org/wikipedia/en/7/73/Trollface.png","quantity":"1","description":"Troll","minPlayers":"1","maxPlayers":"10","playtime":"420","categories":["1079"]} []
[2025-06-04T11:17:14.617755+02:00] TomsShopLogger.INFO: User logged out {"user_id":5,"email":"vrat03@vse.cz"} []
[2025-06-04T11:17:29.529189+02:00] TomsShopLogger.INFO: User logged in {"user_id":5,"email":"vrat03@vse.cz"} []
[2025-06-04T11:20:25.504374+02:00] TomsShopLogger.INFO: User logged out {"user_id":5,"email":"vrat03@vse.cz"} []
[2025-06-04T11:20:55.953345+02:00] TomsShopLogger.INFO: User logged in {"user_id":5,"email":"vrat03@vse.cz"} []
[2025-06-04T11:21:01.615207+02:00] TomsShopLogger.INFO: User logged out {"user_id":5,"email":"vrat03@vse.cz"} []
[2025-06-04T11:21:04.119547+02:00] TomsShopLogger.INFO: User logged out {"user_id":5,"email":"vrat03@vse.cz"} []
[2025-06-04T11:22:01.148046+02:00] TomsShopLogger.INFO: User logged out {"user_id":5,"email":"vrat03@vse.cz"} []
[2025-06-04T11:22:21.563224+02:00] TomsShopLogger.INFO: User logged out {"user_id":6,"email":null} []
[2025-06-04T11:22:34.676721+02:00] TomsShopLogger.INFO: User logged in {"user_id":10,"email":"test@vse.cz"} []
[2025-06-04T11:30:39.797641+02:00] TomsShopLogger.INFO: User logged out {"user_id":10,"email":"test@vse.cz"} []
[2025-06-04T11:30:53.933154+02:00] TomsShopLogger.INFO: User logged in {"user_id":5,"email":"vrat03@vse.cz"} []
[2025-06-04T11:31:19.212276+02:00] TomsShopLogger.DEBUG: Order status change email not sent due to domain restrictions {"email":"samot.vrana@gmail.com","order_id":15,"status":"completed"} []
[2025-06-04T11:31:25.930083+02:00] TomsShopLogger.DEBUG: Order status change email not sent due to domain restrictions {"email":"samot.vrana@gmail.com","order_id":15,"status":"pending"} []
[2025-06-04T11:32:24.444965+02:00] TomsShopLogger.INFO: User logged out {"user_id":5,"email":"vrat03@vse.cz"} []
[2025-06-04T11:56:01.013736+02:00] TomsShopLogger.INFO: User logged out {"user_id":6,"email":null} []
[2025-06-04T11:56:16.077581+02:00] TomsShopLogger.INFO: User logged in {"user_id":5,"email":"vrat03@vse.cz"} []
[2025-06-04T16:25:10.951568+02:00] TomsShopLogger.INFO: User logged out {"user_id":5,"email":"vrat03@vse.cz"} []
[2025-06-04T17:34:00.526292+02:00] TomsShopLogger.INFO: User logged out {"user_id":6,"email":null} []
[2025-06-04T17:40:51.079849+02:00] TomsShopLogger.INFO: User logged in {"user_id":5,"email":"vrat03@vse.cz"} []
[2025-06-04T17:40:56.666464+02:00] TomsShopLogger.INFO: User logged out {"user_id":5,"email":"vrat03@vse.cz"} []
[2025-06-04T18:19:49.157281+02:00] TomsShopLogger.ERROR: Invalid CSRF token on register.php {"ip":"::1","user_agent":"Mozilla/5.0 (Windows NT 10.0; Win64; x64) AppleWebKit/537.36 (KHTML, like Gecko) Chrome/137.0.0.0 Safari/537.36"} []
[2025-06-04T18:19:51.158643+02:00] TomsShopLogger.ERROR: Invalid CSRF token on register.php {"ip":"::1","user_agent":"Mozilla/5.0 (Windows NT 10.0; Win64; x64) AppleWebKit/537.36 (KHTML, like Gecko) Chrome/137.0.0.0 Safari/537.36"} []
[2025-06-04T18:19:52.204572+02:00] TomsShopLogger.ERROR: Invalid CSRF token on register.php {"ip":"::1","user_agent":"Mozilla/5.0 (Windows NT 10.0; Win64; x64) AppleWebKit/537.36 (KHTML, like Gecko) Chrome/137.0.0.0 Safari/537.36"} []
[2025-06-04T18:19:53.197442+02:00] TomsShopLogger.ERROR: Invalid CSRF token on register.php {"ip":"::1","user_agent":"Mozilla/5.0 (Windows NT 10.0; Win64; x64) AppleWebKit/537.36 (KHTML, like Gecko) Chrome/137.0.0.0 Safari/537.36"} []
[2025-06-04T18:22:40.552628+02:00] TomsShopLogger.ERROR: Invalid CSRF token on register.php {"ip":"::1","user_agent":"Mozilla/5.0 (Windows NT 10.0; Win64; x64) AppleWebKit/537.36 (KHTML, like Gecko) Chrome/137.0.0.0 Safari/537.36"} []
[2025-06-04T18:41:54.516922+02:00] TomsShopLogger.INFO: Password reset requested {"user_id":5,"email":"vrat03@vse.cz","reset_link":"/reset-password.php?token=98a63c8f2a0a8a4c80c5204729ce1f8bb969e4c1b2400cd94bd258c3ed876b26"} []
[2025-06-04T18:41:54.520637+02:00] TomsShopLogger.DEBUG: Password reset email not sent due to domain restrictions {"email":"vrat03@vse.cz"} []
[2025-06-04T18:43:07.298593+02:00] TomsShopLogger.INFO: User logged in {"user_id":5,"email":"vrat03@vse.cz"} []
[2025-06-04T18:46:51.167852+02:00] TomsShopLogger.INFO: User logged out {"user_id":5,"email":"vrat03@vse.cz"} []
[2025-06-04T18:47:09.246095+02:00] TomsShopLogger.INFO: Password reset requested {"user_id":5,"email":"vrat03@vse.cz","reset_link":"/reset-password.php?token=97d7d9b7ef2b8ac655f76a1bad87d770579a735a2a300d29163c62373dca1d52"} []
[2025-06-04T18:47:09.248630+02:00] TomsShopLogger.DEBUG: Password reset email not sent due to domain restrictions {"email":"vrat03@vse.cz"} []
[2025-06-04T18:47:38.132711+02:00] TomsShopLogger.ERROR: Invalid CSRF token on register.php {"ip":"::1","user_agent":"Mozilla/5.0 (Windows NT 10.0; Win64; x64) AppleWebKit/537.36 (KHTML, like Gecko) Chrome/137.0.0.0 Safari/537.36"} []
[2025-06-04T18:49:38.943474+02:00] TomsShopLogger.ERROR: Invalid CSRF token on register.php {"ip":"::1","user_agent":"Mozilla/5.0 (Windows NT 10.0; Win64; x64) AppleWebKit/537.36 (KHTML, like Gecko) Chrome/137.0.0.0 Safari/537.36"} []
[2025-06-04T18:52:36.094929+02:00] TomsShopLogger.ERROR: Invalid CSRF token on register.php {"ip":"::1","user_agent":"Mozilla/5.0 (Windows NT 10.0; Win64; x64) AppleWebKit/537.36 (KHTML, like Gecko) Chrome/137.0.0.0 Safari/537.36"} []
[2025-06-04T18:57:40.817946+02:00] TomsShopLogger.ERROR: Invalid CSRF token on register.php {"ip":"::1","user_agent":"Mozilla/5.0 (Windows NT 10.0; Win64; x64) AppleWebKit/537.36 (KHTML, like Gecko) Chrome/137.0.0.0 Safari/537.36"} []
[2025-06-04T19:00:49.429419+02:00] TomsShopLogger.INFO: Password reset requested {"user_id":5,"email":"vrat03@vse.cz","reset_link":"/reset-password.php?token=bebc7d5ec09cd6b72304434ca2c2025e88d6644763ac74e41e317fab20ac1044"} []
[2025-06-04T19:00:49.432555+02:00] TomsShopLogger.DEBUG: Password reset email not sent due to domain restrictions {"email":"vrat03@vse.cz"} []
[2025-06-04T19:03:30.774550+02:00] TomsShopLogger.INFO: Password reset successful {"user_id":5,"ip":"::1"} []
[2025-06-04T19:07:03.419580+02:00] TomsShopLogger.INFO: User logged in {"user_id":5,"email":"vrat03@vse.cz"} []
[2025-06-04T19:09:30.141690+02:00] TomsShopLogger.INFO: User logged out {"user_id":5,"email":"vrat03@vse.cz"} []
[2025-06-04T19:09:41.160159+02:00] TomsShopLogger.INFO: Password reset requested {"user_id":5,"email":"vrat03@vse.cz","reset_link":"/reset-password.php?token=e6972e1ecfb591c729d0577bf09cb4f282e7946ec0118c507307a7a8eb7c3e25"} []
[2025-06-04T19:09:41.162399+02:00] TomsShopLogger.DEBUG: Password reset email not sent due to domain restrictions {"email":"vrat03@vse.cz"} []
[2025-06-04T19:10:06.686637+02:00] TomsShopLogger.INFO: Password reset successful {"user_id":5,"ip":"::1"} []
[2025-06-04T19:10:42.848848+02:00] TomsShopLogger.INFO: User logged in {"user_id":5,"email":"vrat03@vse.cz"} []
[2025-06-04T19:22:19.001431+02:00] TomsShopLogger.INFO: User logged out {"user_id":5,"email":"vrat03@vse.cz"} []
[2025-06-04T19:22:38.254432+02:00] TomsShopLogger.INFO: Password reset requested {"user_id":5,"email":"vrat03@vse.cz","reset_link":"password-reset/reset-password.php?token=f35c54e05cd08503e2d6d0f3a8b2196db7f921ea2b56a7c14d17a2be07a634dc"} []
[2025-06-04T19:22:38.256676+02:00] TomsShopLogger.DEBUG: Password reset email not sent due to domain restrictions {"email":"vrat03@vse.cz"} []
[2025-06-04T19:23:03.369430+02:00] TomsShopLogger.INFO: Password reset successful {"user_id":5,"ip":"::1"} []
[2025-06-04T19:25:22.512141+02:00] TomsShopLogger.INFO: Password reset requested {"user_id":5,"email":"vrat03@vse.cz","reset_link":"password-reset/reset-password.php?token=0679b4538a4e33f33be3f0cb4aab7fd079b9d893f15dbc9d37f805959e1cfa81"} []
[2025-06-04T19:25:22.515303+02:00] TomsShopLogger.DEBUG: Password reset email not sent due to domain restrictions {"email":"vrat03@vse.cz"} []
[2025-06-04T19:25:47.802401+02:00] TomsShopLogger.INFO: Password reset successful {"user_id":5,"ip":"::1"} []
[2025-06-04T19:30:55.060841+02:00] TomsShopLogger.INFO: User logged in {"user_id":5,"email":"vrat03@vse.cz"} []
[2025-06-04T19:31:46.367101+02:00] TomsShopLogger.INFO: User logged out {"user_id":5,"email":"vrat03@vse.cz"} []
[2025-06-04T19:31:59.659744+02:00] TomsShopLogger.INFO: Password reset requested {"user_id":5,"email":"vrat03@vse.cz","reset_link":"password-reset/reset-password.php?token=b00d1faf173129a77156cdf376d5fba95ceee567336d77ffc47c467ea5f9790e"} []
[2025-06-04T19:31:59.661552+02:00] TomsShopLogger.DEBUG: Password reset email not sent due to domain restrictions {"email":"vrat03@vse.cz"} []
[2025-06-04T19:32:24.747614+02:00] TomsShopLogger.INFO: Password reset successful {"user_id":5,"ip":"::1"} []
[2025-06-04T19:32:36.131343+02:00] TomsShopLogger.INFO: User logged in {"user_id":5,"email":"vrat03@vse.cz"} []
[2025-06-04T19:32:57.600388+02:00] TomsShopLogger.INFO: User password updated {"user_id":5,"email":"vrat03@vse.cz"} []
[2025-06-04T20:05:47.909380+02:00] TomsShopLogger.INFO: User account updated {"user_id":5,"name":"Tomáš Vrána","phone":"987654321","address":"Brno"} []
[2025-06-04T20:05:52.695895+02:00] TomsShopLogger.ERROR: Invalid CSRF token on account.php {"ip":"::1","user_agent":"Mozilla/5.0 (Windows NT 10.0; Win64; x64) AppleWebKit/537.36 (KHTML, like Gecko) Chrome/137.0.0.0 Safari/537.36"} []
[2025-06-04T20:07:11.468472+02:00] TomsShopLogger.INFO: User account updated {"user_id":5,"name":"Tomáš Vrána","phone":"987654321","address":"Brno"} []
[2025-06-04T20:07:45.463781+02:00] TomsShopLogger.INFO: User password updated {"user_id":5,"email":"vrat03@vse.cz"} []
[2025-06-04T20:08:16.202179+02:00] TomsShopLogger.INFO: User password updated {"user_id":5,"email":"vrat03@vse.cz"} []
[2025-06-04T20:08:25.085518+02:00] TomsShopLogger.ERROR: Invalid CSRF token on account-reset-passwd.php {"ip":"::1","user_agent":"Mozilla/5.0 (Windows NT 10.0; Win64; x64) AppleWebKit/537.36 (KHTML, like Gecko) Chrome/137.0.0.0 Safari/537.36"} []
[2025-06-04T20:14:43.150219+02:00] TomsShopLogger.INFO: User password updated {"user_id":5,"email":"vrat03@vse.cz"} []
[2025-06-04T20:14:46.168774+02:00] TomsShopLogger.ERROR: Invalid CSRF token on account-reset-passwd.php {"ip":"::1","user_agent":"Mozilla/5.0 (Windows NT 10.0; Win64; x64) AppleWebKit/537.36 (KHTML, like Gecko) Chrome/137.0.0.0 Safari/537.36"} []
[2025-06-04T20:16:15.219342+02:00] TomsShopLogger.INFO: User password updated {"user_id":5,"email":"vrat03@vse.cz"} []
[2025-06-04T20:16:19.370063+02:00] TomsShopLogger.ERROR: Invalid CSRF token on account-reset-passwd.php {"ip":"::1","user_agent":"Mozilla/5.0 (Windows NT 10.0; Win64; x64) AppleWebKit/537.36 (KHTML, like Gecko) Chrome/137.0.0.0 Safari/537.36"} []
[2025-06-04T20:44:27.303715+02:00] TomsShopLogger.INFO: User password updated {"user_id":5,"email":"vrat03@vse.cz"} []
[2025-06-04T20:44:30.616624+02:00] TomsShopLogger.ERROR: Invalid CSRF token on account-reset-passwd.php {"ip":"::1","user_agent":"Mozilla/5.0 (Windows NT 10.0; Win64; x64) AppleWebKit/537.36 (KHTML, like Gecko) Chrome/137.0.0.0 Safari/537.36"} []
[2025-06-05T00:14:13.747845+02:00] TomsShopLogger.INFO: User logged in {"user_id":5,"email":"vrat03@vse.cz"} []
[2025-06-05T00:14:43.909868+02:00] TomsShopLogger.ERROR: Invalid CSRF token on buy.php {"ip":"::1","user_agent":"Mozilla/5.0 (Windows NT 10.0; Win64; x64) AppleWebKit/537.36 (KHTML, like Gecko) Chrome/137.0.0.0 Safari/537.36"} []
[2025-06-05T00:21:57.192715+02:00] TomsShopLogger.ERROR: Invalid CSRF token on buy.php {"ip":"::1","user_agent":"Mozilla/5.0 (Windows NT 10.0; Win64; x64) AppleWebKit/537.36 (KHTML, like Gecko) Chrome/137.0.0.0 Safari/537.36"} []
[2025-06-05T00:22:03.334065+02:00] TomsShopLogger.ERROR: Invalid CSRF token on buy.php {"ip":"::1","user_agent":"Mozilla/5.0 (Windows NT 10.0; Win64; x64) AppleWebKit/537.36 (KHTML, like Gecko) Chrome/137.0.0.0 Safari/537.36"} []
[2025-06-05T00:26:06.392621+02:00] TomsShopLogger.DEBUG: Order confirmation email not sent due to domain restrictions {"email":"vrat03@vse.cz","order_id":18} []
[2025-06-05T00:26:06.395168+02:00] TomsShopLogger.INFO: Order created successfully {"order_id":"18","user_id":5,"items":[{"id":2,"price":"512","quantity":1},{"id":152,"price":"1276","quantity":2},{"id":399,"price":"950","quantity":3}]} []
[2025-06-05T00:27:51.771283+02:00] TomsShopLogger.INFO: User logged out {"user_id":5,"email":"vrat03@vse.cz"} []
[2025-06-05T00:28:01.209161+02:00] TomsShopLogger.INFO: User logged in {"user_id":5,"email":"vrat03@vse.cz"} []
[2025-06-05T00:28:49.161120+02:00] TomsShopLogger.DEBUG: Order confirmation email not sent due to domain restrictions {"email":"vrat03@vse.cz","order_id":19} []
[2025-06-05T00:28:49.162904+02:00] TomsShopLogger.INFO: Order created successfully {"order_id":"19","user_id":5,"items":[{"id":2,"price":"512","quantity":1},{"id":224,"price":"794","quantity":2}]} []
[2025-06-05T00:33:01.696396+02:00] TomsShopLogger.DEBUG: Order confirmation email not sent due to domain restrictions {"email":"vrat03@vse.cz","order_id":20} []
[2025-06-05T00:33:01.698633+02:00] TomsShopLogger.INFO: Order created successfully {"order_id":"20","user_id":5,"items":[{"id":408,"price":"280","quantity":1},{"id":240,"price":"1473","quantity":2}]} []
[2025-06-05T00:36:28.730926+02:00] TomsShopLogger.INFO: User logged out {"user_id":5,"email":"vrat03@vse.cz"} []
[2025-06-05T00:36:34.127482+02:00] TomsShopLogger.INFO: User logged in with Google {"user_id":6,"name":"Tomáš Vrána","email":"samot.vrana@gmail.com"} []
[2025-06-05T00:37:16.415901+02:00] TomsShopLogger.DEBUG: Order confirmation email not sent due to domain restrictions {"email":"samot.vrana@gmail.com","order_id":21} []
[2025-06-05T00:37:16.417673+02:00] TomsShopLogger.INFO: Order created successfully {"order_id":"21","user_id":6,"items":[{"id":208,"price":"1317","quantity":1},{"id":64,"price":"797","quantity":2},{"id":90,"price":"876","quantity":1}]} []
[2025-06-05T00:38:01.919506+02:00] TomsShopLogger.INFO: User logged out {"user_id":6,"email":"samot.vrana@gmail.com"} []
[2025-06-05T00:38:08.306143+02:00] TomsShopLogger.INFO: User logged in with Google {"user_id":6,"name":"Tomáš Vrána","email":"samot.vrana@gmail.com"} []
[2025-06-05T00:38:27.515756+02:00] TomsShopLogger.DEBUG: Order confirmation email not sent due to domain restrictions {"email":"samot.vrana@gmail.com","order_id":22} []
[2025-06-05T00:38:27.517445+02:00] TomsShopLogger.INFO: Order created successfully {"order_id":"22","user_id":6,"items":[{"id":25,"price":"378","quantity":1},{"id":90,"price":"876","quantity":2}]} []
[2025-06-05T09:16:23.048495+02:00] TomsShopLogger.INFO: User logged in {"user_id":5,"email":"vrat03@vse.cz"} []
[2025-06-05T11:39:35.691326+02:00] TomsShopLogger.INFO: User logged in {"user_id":5,"email":"vrat03@vse.cz"} []
[2025-06-05T22:35:22.183259+02:00] TomsShopLogger.WARNING: Unauthorized access attempt by unauthenticated user {"requested_url":"http://localhost/sp/download_invoice.php?order_id=22"} []
[2025-06-05T22:35:37.992814+02:00] TomsShopLogger.INFO: User logged in {"user_id":5,"email":"vrat03@vse.cz"} []
[2025-06-05T23:00:42.067090+02:00] TomsShopLogger.DEBUG: Order status change email not sent due to domain restrictions {"email":"samot.vrana@gmail.com","order_id":22,"status":"pending"} []
[2025-06-06T09:31:21.895748+02:00] TomsShopLogger.INFO: User logged in {"user_id":5,"email":"vrat03@vse.cz"} []
[2025-06-06T10:30:19.887283+02:00] TomsShopLogger.INFO: User logged in {"user_id":5,"email":"vrat03@vse.cz"} []
[2025-06-06T10:30:21.692391+02:00] TomsShopLogger.INFO: User logged out {"user_id":5,"email":"vrat03@vse.cz"} []
[2025-06-06T10:30:33.059120+02:00] TomsShopLogger.INFO: User logged in {"user_id":5,"email":"vrat03@vse.cz"} []
[2025-06-06T10:31:11.283723+02:00] TomsShopLogger.INFO: Product updated {"product_id":1,"name":"Die Mache","price":"577","imgURL":"https://cf.geekdo-images.com/rpwCZAjYLD940NWwP3SRoA__original/img/yR0aoBVKNrAmmCuBeSzQnMflLYg=/0x0/filters:format(jpeg)/pic4718279.jpg","imgThumbURL":"https://cf.geekdo-images.com/rpwCZAjYLD940NWwP3SRoA__thumb/img/YT6svCVsWqLrDitcMEtyazVktbQ=/fit-in/200x150/filters:strip_icc()/pic4718279.jpg","quantity":"3","description":"Die Macher is a game about seven sequential political races in different regions of Germany. Players are in charge of national political parties, and must manage limited resources to help their party to victory. The winning party will have the most victory points after all the regional elections. There are four different ways of scoring victory points. First, each regional election can supply one to eighty victory points, depending on the size of the region and how well your party does in it. Second, if a party wins a regional election and has some media influence in the region, then the party will receive some media-control victory points. Third, each party has a national party membership which will grow as the game progresses and this will supply a fair number of victory points. Lastly, parties score some victory points if their party platform matches the national opinions at the end of the game.&amp;amp;amp;#10;&amp;amp;amp;#10;The 1986 edition featured four parties from the old West Germany and supported 3-4 players. The 1997 edition supports up to five players in the re-united Germany and updated several features of the rules as well.  The 2006 edition also supports up to five players and adds a shorter five-round variant and additional rules updates by the original designer.&amp;amp;amp;#10;&amp;amp;amp;#10;","minPlayers":"3","maxPlayers":"5","playtime":"240","categories":["1001","1021","1026"]} []
[2025-06-06T10:38:53.678356+02:00] TomsShopLogger.ERROR: Invalid CSRF token on edit-item.php {"ip":"146.102.92.17","user_agent":"Mozilla/5.0 (Windows NT 10.0; Win64; x64) AppleWebKit/537.36 (KHTML, like Gecko) Chrome/137.0.0.0 Safari/537.36"} []
[2025-06-06T10:39:15.214139+02:00] TomsShopLogger.INFO: Product updated {"product_id":1,"name":"Die Macher","price":"577","imgURL":"https://cf.geekdo-images.com/rpwCZAjYLD940NWwP3SRoA__original/img/yR0aoBVKNrAmmCuBeSzQnMflLYg=/0x0/filters:format(jpeg)/pic4718279.jpg","imgThumbURL":"https://cf.geekdo-images.com/rpwCZAjYLD940NWwP3SRoA__thumb/img/YT6svCVsWqLrDitcMEtyazVktbQ=/fit-in/200x150/filters:strip_icc()/pic4718279.jpg","quantity":"3","description":"Die Macher is a game about seven sequential political races in different regions of Germany. Players are in charge of national political parties, and must manage limited resources to help their party to victory. The winning party will have the most victory points after all the regional elections. There are four different ways of scoring victory points. First, each regional election can supply one to eighty victory points, depending on the size of the region and how well your party does in it. Second, if a party wins a regional election and has some media influence in the region, then the party will receive some media-control victory points. Third, each party has a national party membership which will grow as the game progresses and this will supply a fair number of victory points. Lastly, parties score some victory points if their party platform matches the national opinions at the end of the game.&amp;amp;amp;amp;#10;&amp;amp;amp;amp;#10;The 1986 edition featured four parties from the old West Germany and supported 3-4 players. The 1997 edition supports up to five players in the re-united Germany and updated several features of the rules as well.  The 2006 edition also supports up to five players and adds a shorter five-round variant and additional rules updates by the original designer.&amp;amp;amp;amp;#10;&amp;amp;amp;amp;#10;","minPlayers":"3","maxPlayers":"5","playtime":"240","categories":["1001","1021","1026"]} []
[2025-06-06T10:39:27.907985+02:00] TomsShopLogger.INFO: Category updated {"category_id":1001,"old_name":"Political","new_name":"Politica"} []
[2025-06-06T10:39:38.045792+02:00] TomsShopLogger.INFO: Category updated {"category_id":1001,"old_name":"Politica","new_name":"Political"} []
[2025-06-06T10:42:19.755195+02:00] TomsShopLogger.INFO: New product added {"product_id":"500","name":"test","price":"666","imgURL":"https://plsn.com/site/wp-content/uploads/fig-2.-1920px-SMPTE_Color_Bars_16x9.png","imgThumbURL":"https://plsn.com/site/wp-content/uploads/fig-2.-1920px-SMPTE_Color_Bars_16x9.png","quantity":"666","description":"","minPlayers":"1","maxPlayers":"10","playtime":"123","categories":["1079"]} []
[2025-06-06T10:43:53.576870+02:00] TomsShopLogger.INFO: Category added {"category_id":"2728","name":"Test"} []
[2025-06-06T10:44:12.684661+02:00] TomsShopLogger.INFO: Order status change email sent {"email":"vrat03@vse.cz","order_id":12,"status":"pending"} []
[2025-06-06T10:44:15.399365+02:00] TomsShopLogger.INFO: Order status change email sent {"email":"vrat03@vse.cz","order_id":12,"status":"completed"} []
[2025-06-06T10:44:25.748288+02:00] TomsShopLogger.INFO: User privilege updated {"user_id":6,"new_privilege":2} []
[2025-06-06T10:46:34.918566+02:00] TomsShopLogger.INFO: User logged out {"user_id":5,"email":"vrat03@vse.cz"} []
[2025-06-06T10:49:19.571784+02:00] TomsShopLogger.INFO: User logged in {"user_id":10,"email":"test@vse.cz"} []
[2025-06-06T10:51:38.732538+02:00] TomsShopLogger.INFO: Order confirmation email sent {"email":"test@vse.cz","order_id":23} []
[2025-06-06T10:51:38.732877+02:00] TomsShopLogger.INFO: Order created successfully {"order_id":"23","user_id":10,"items":[{"id":2,"price":"512","quantity":1}]} []
[2025-06-06T11:11:55.517977+02:00] TomsShopLogger.INFO: User logged out {"user_id":10,"email":"test@vse.cz"} []
[2025-06-06T11:14:40.874630+02:00] TomsShopLogger.INFO: User logged in with Google {"user_id":6,"name":"Tomáš Vrána","email":"samot.vrana@gmail.com"} []
[2025-06-06T11:18:48.742171+02:00] TomsShopLogger.INFO: User logged out {"user_id":6,"email":"samot.vrana@gmail.com"} []
[2025-06-06T12:21:20.156392+02:00] TomsShopLogger.INFO: Registration email sent {"user_id":11,"name":"Admin","email":"admin@vse.cz","phone":"","address":"Admin address"} []
[2025-06-06T12:21:20.158220+02:00] TomsShopLogger.INFO: New user registered {"user_id":"11","name":"Admin","email":"admin@vse.cz","phone":"","address":"Admin address"} []
[2025-06-06T12:22:04.695835+02:00] TomsShopLogger.INFO: User logged in {"user_id":11,"email":"admin@vse.cz"} []
[2025-06-06T12:25:21.054051+02:00] TomsShopLogger.INFO: User logged out {"user_id":11,"email":"admin@vse.cz"} []
[2025-06-06T12:56:34.270978+02:00] TomsShopLogger.WARNING: Unauthorized access attempt by unauthenticated user {"requested_url":"https://eso.vse.cz/~vrat03/sp-final/add-to-cart.php"} []
[2025-06-06T12:56:35.357410+02:00] TomsShopLogger.WARNING: Unauthorized access attempt by unauthenticated user {"requested_url":"https://eso.vse.cz/~vrat03/sp-final/add-to-cart.php"} []
[2025-06-06T12:56:36.454331+02:00] TomsShopLogger.WARNING: Unauthorized access attempt by unauthenticated user {"requested_url":"https://eso.vse.cz/~vrat03/sp-final/add-to-cart.php"} []
[2025-06-06T12:56:37.973372+02:00] TomsShopLogger.WARNING: Unauthorized access attempt by unauthenticated user {"requested_url":"https://eso.vse.cz/~vrat03/sp-final/add-to-cart.php"} []
[2025-06-06T12:56:38.588667+02:00] TomsShopLogger.WARNING: Unauthorized access attempt by unauthenticated user {"requested_url":"https://eso.vse.cz/~vrat03/sp-final/add-to-cart.php"} []
[2025-06-06T12:56:38.746985+02:00] TomsShopLogger.WARNING: Unauthorized access attempt by unauthenticated user {"requested_url":"https://eso.vse.cz/~vrat03/sp-final/add-to-cart.php"} []
[2025-06-06T12:56:38.941797+02:00] TomsShopLogger.WARNING: Unauthorized access attempt by unauthenticated user {"requested_url":"https://eso.vse.cz/~vrat03/sp-final/add-to-cart.php"} []
[2025-06-06T12:56:39.204607+02:00] TomsShopLogger.WARNING: Unauthorized access attempt by unauthenticated user {"requested_url":"https://eso.vse.cz/~vrat03/sp-final/add-to-cart.php"} []
[2025-06-06T12:56:39.453489+02:00] TomsShopLogger.WARNING: Unauthorized access attempt by unauthenticated user {"requested_url":"https://eso.vse.cz/~vrat03/sp-final/add-to-cart.php"} []
[2025-06-06T13:06:49.468267+02:00] TomsShopLogger.WARNING: Unauthorized access attempt by unauthenticated user {"requested_url":"https://eso.vse.cz/~vrat03/sp-final/add-to-cart.php"} []
[2025-06-06T13:07:00.188543+02:00] TomsShopLogger.INFO: User logged in {"user_id":5,"email":"vrat03@vse.cz"} []
[2025-06-06T13:08:17.458841+02:00] TomsShopLogger.INFO: User logged out {"user_id":5,"email":"vrat03@vse.cz"} []
[2025-06-06T13:08:21.237771+02:00] TomsShopLogger.WARNING: Unauthorized access attempt by unauthenticated user {"requested_url":"https://eso.vse.cz/~vrat03/sp-final/add-to-cart.php"} []
[2025-06-06T13:08:58.043072+02:00] TomsShopLogger.INFO: User logged in {"user_id":5,"email":"vrat03@vse.cz"} []
[2025-06-06T13:15:20.331094+02:00] TomsShopLogger.INFO: Order confirmation email sent {"email":"vrat03@vse.cz","order_id":24} []
[2025-06-06T13:15:20.332004+02:00] TomsShopLogger.INFO: Order created successfully {"order_id":"24","user_id":5,"items":[{"id":180,"price":"1226","quantity":1}]} []
[2025-06-06T13:27:04.092713+02:00] TomsShopLogger.INFO: User logged out {"user_id":5,"email":"vrat03@vse.cz"} []
[2025-06-06T13:27:23.921363+02:00] TomsShopLogger.INFO: Password reset requested {"user_id":5,"email":"vrat03@vse.cz"} []
[2025-06-06T13:27:23.950935+02:00] TomsShopLogger.INFO: Password reset email sent {"email":"vrat03@vse.cz"} []
[2025-06-06T13:27:32.885242+02:00] TomsShopLogger.ERROR: Invalid CSRF token on register.php {"ip":"146.102.92.17","user_agent":"Mozilla/5.0 (Windows NT 10.0; Win64; x64) AppleWebKit/537.36 (KHTML, like Gecko) Chrome/137.0.0.0 Safari/537.36"} []
[2025-06-06T13:28:29.295566+02:00] TomsShopLogger.INFO: Password reset requested {"user_id":5,"email":"vrat03@vse.cz"} []
[2025-06-06T13:28:29.331070+02:00] TomsShopLogger.INFO: Password reset email sent {"email":"vrat03@vse.cz"} []
[2025-06-06T13:29:14.974456+02:00] TomsShopLogger.INFO: Password reset successful {"user_id":5,"ip":"146.102.92.17"} []
[2025-06-06T13:30:45.738099+02:00] TomsShopLogger.INFO: Password reset requested {"user_id":5,"email":"vrat03@vse.cz"} []
[2025-06-06T13:30:45.767108+02:00] TomsShopLogger.INFO: Password reset email sent {"email":"vrat03@vse.cz"} []
[2025-06-06T13:33:27.770997+02:00] TomsShopLogger.INFO: User logged in {"user_id":5,"email":"vrat03@vse.cz"} []
[2025-06-07T12:54:14.982024+02:00] TomsShopLogger.INFO: User logged in {"user_id":5,"email":"vrat03@vse.cz"} []
[2025-06-07T12:58:02.056981+02:00] TomsShopLogger.INFO: New product added {"product_id":"501","name":"Ticket to Ride: Europe","price":"1000","imgURL":"https://cf.geekdo-images.com/0K1AOciqlMVUWFPLTJSiww__imagepage/img/pC5hC440R46jn4EpfdYV5rL4VOc=/fit-in/900x600/filters:no_upscale():strip_icc()/pic66668.jpg","imgThumbURL":"https://cf.geekdo-images.com/0K1AOciqlMVUWFPLTJSiww__imagepage/img/pC5hC440R46jn4EpfdYV5rL4VOc=/fit-in/900x600/filters:no_upscale():strip_icc()/pic66668.jpg","quantity":"20","description":"Ticket to Ride: Europe takes you on a new train adventure across Europe. From Edinburgh to Constantinople and from Lisbon to Moscow, you&#039;ll visit great cities of turn-of-the-century Europe. Like the original Ticket to Ride, the game remains elegantly simple, can be learned in 5 minutes, and appeals to both families and experienced gamers. Ticket to Ride: Europe is a complete, new game and does not require the original version.\r\n\r\nMore than just a new map, Ticket to Ride: Europe features brand new gameplay elements. Tunnels may require you to pay extra cards to build on them, Ferries require locomotive cards in order to claim them, and Stations allow you to sacrifice a few points in order to use an opponent&#039;s route to connect yours. The game also includes larger format cards and Train Station game pieces.\r\n\r\nThe overall goal remains the same: collect and play train cards in order to place your pieces on the board, attempting to connect cities on your ticket cards. Points are earned both from placing trains and completing tickets but uncompleted tickets lose you points. The player who has the most points at the end of the game wins.","minPlayers":"2","maxPlayers":"5","playtime":"60","categories":["1034"]} []
[2025-06-07T19:02:32.615000+02:00] TomsShopLogger.INFO: New user registered with Google {"user_id":"12","name":"Eduard Jurášek","email":"edojurasek@gmail.com"} []
[2025-06-07T19:09:10.173244+02:00] TomsShopLogger.INFO: User logged out {"user_id":"12","email":"edojurasek@gmail.com"} []
[2025-06-07T19:13:17.661013+02:00] TomsShopLogger.INFO: Registration email sent {"user_id":13,"name":"Eduard Jurášek","email":"jure01@vse.cz","phone":"906111180","address":"Hrebendova 2502/2A, 04011 Košice, Slovensko"} []
[2025-06-07T19:13:17.661477+02:00] TomsShopLogger.INFO: New user registered {"user_id":"13","name":"Eduard Jurášek","email":"jure01@vse.cz","phone":"906111180","address":"Hrebendova 2502/2A, 04011 Košice, Slovensko"} []
[2025-06-07T19:15:42.109539+02:00] TomsShopLogger.INFO: User logged in {"user_id":13,"email":"jure01@vse.cz"} []
[2025-06-07T19:21:01.407278+02:00] TomsShopLogger.INFO: Order confirmation email sent {"email":"jure01@vse.cz","order_id":25} []
[2025-06-07T19:21:01.407714+02:00] TomsShopLogger.INFO: Order created successfully {"order_id":"25","user_id":13,"items":[{"id":399,"price":"950","quantity":1},{"id":188,"price":"1159","quantity":1},{"id":167,"price":"1001","quantity":1},{"id":146,"price":"102","quantity":1},{"id":137,"price":"1296","quantity":1},{"id":121,"price":"1213","quantity":1},{"id":74,"price":"1448","quantity":1},{"id":49,"price":"639","quantity":1},{"id":13,"price":"1008","quantity":2},{"id":4,"price":"1329","quantity":1},{"id":1,"price":"577","quantity":1}]} []
[2025-06-07T19:22:52.394992+02:00] TomsShopLogger.INFO: Order confirmation email sent {"email":"jure01@vse.cz","order_id":26} []
[2025-06-07T19:22:52.395414+02:00] TomsShopLogger.INFO: Order created successfully {"order_id":"26","user_id":13,"items":[{"id":28,"price":"973","quantity":1},{"id":196,"price":"848","quantity":1}]} []
[2025-06-07T19:23:21.521017+02:00] TomsShopLogger.INFO: User logged out {"user_id":13,"email":"jure01@vse.cz"} []
[2025-06-07T19:23:31.855445+02:00] TomsShopLogger.INFO: Password reset requested {"user_id":13,"email":"jure01@vse.cz"} []
[2025-06-07T19:23:31.883380+02:00] TomsShopLogger.INFO: Password reset email sent {"email":"jure01@vse.cz"} []
[2025-06-07T19:24:31.090305+02:00] TomsShopLogger.INFO: User logged in {"user_id":13,"email":"jure01@vse.cz"} []
[2025-06-07T19:24:48.605992+02:00] TomsShopLogger.INFO: User logged out {"user_id":13,"email":"jure01@vse.cz"} []
[2025-06-07T19:24:57.004612+02:00] TomsShopLogger.INFO: Password reset requested {"user_id":13,"email":"jure01@vse.cz"} []
[2025-06-07T19:24:57.038988+02:00] TomsShopLogger.INFO: Password reset email sent {"email":"jure01@vse.cz"} []
[2025-06-07T19:25:22.153371+02:00] TomsShopLogger.ERROR: Invalid CSRF token on register.php {"ip":"31.30.177.44","user_agent":"Mozilla/5.0 (Macintosh; Intel Mac OS X 10_15_7) AppleWebKit/605.1.15 (KHTML, like Gecko) Version/16.0 Safari/605.1.15"} []
[2025-06-07T19:26:08.320173+02:00] TomsShopLogger.INFO: Password reset successful {"user_id":13,"ip":"31.30.177.44"} []
[2025-06-07T19:26:35.936501+02:00] TomsShopLogger.INFO: User logged in with Google {"user_id":12,"name":"Eduard Jurášek","email":"edojurasek@gmail.com"} []
[2025-06-07T19:30:48.937408+02:00] TomsShopLogger.INFO: User logged out {"user_id":12,"email":"edojurasek@gmail.com"} []
[2025-06-07T19:30:56.908602+02:00] TomsShopLogger.INFO: New user registered with Google {"user_id":"14","name":"Eduard J","email":"ejurafb@gmail.com"} []
[2025-06-07T19:31:27.042109+02:00] TomsShopLogger.INFO: User account updated {"user_id":"14","name":"Eduard Jurášek v2","phone":"+421906111180","address":"Hrebendova 2502/2A, 04011 Košice, Slovensko"} []
[2025-06-07T19:32:54.097732+02:00] TomsShopLogger.DEBUG: Order confirmation email not sent due to domain restrictions {"email":"ejurafb@gmail.com","order_id":27} []
[2025-06-07T19:32:54.098206+02:00] TomsShopLogger.INFO: Order created successfully {"order_id":"27","user_id":"14","items":[{"id":1,"price":"577","quantity":1}]} []
[2025-06-07T19:37:52.073722+02:00] TomsShopLogger.INFO: User logged in {"user_id":5,"email":"vrat03@vse.cz"} []
[2025-06-07T19:40:31.034945+02:00] TomsShopLogger.INFO: New product added {"product_id":"502","name":"Exploding kittens","price":"600","imgURL":"https://cf.geekdo-images.com/N8bL53-pRU7zaXDTrEaYrw__imagepage/img/qdivOjtkEd8Jma35bdI3mOwaoZg=/fit-in/900x600/filters:no_upscale():strip_icc()/pic2691976.png","imgThumbURL":"https://cf.geekdo-images.com/N8bL53-pRU7zaXDTrEaYrw__imagepage/img/qdivOjtkEd8Jma35bdI3mOwaoZg=/fit-in/900x600/filters:no_upscale():strip_icc()/pic2691976.png","quantity":"666","description":"Exploding Kittens is a kitty-powered version of Russian Roulette. Players take turns drawing cards until someone draws an exploding kitten and loses the game. The deck is made up of cards that let you avoid exploding by peeking at cards before you draw, forcing your opponent to draw multiple cards, or shuffling the deck.\r\n\r\nThe game gets more and more intense with each card you draw because fewer cards left in the deck means a greater chance of drawing the kitten and exploding in a fiery ball of feline hyperbole.","minPlayers":"2","maxPlayers":"5","playtime":"15","categories":["1030","1079","1089","1116"]} []
[2025-06-07T19:44:18.325965+02:00] TomsShopLogger.INFO: Product updated {"product_id":500,"name":"test1","price":"123","imgURL":"https://upload.wikimedia.org/wikipedia/en/7/73/Trollface.png","imgThumbURL":"https://upload.wikimedia.org/wikipedia/en/7/73/Trollface.png","quantity":"10","description":"Troll","minPlayers":"1","maxPlayers":"10","playtime":"420","categories":["1079"]} []
[2025-06-07T20:12:15.393443+02:00] TomsShopLogger.WARNING: Unauthorized access attempt by unauthenticated user {"requested_url":"https://eso.vse.cz/~vrat03/sp-final/admin/users.php"} []
[2025-06-07T20:12:24.880537+02:00] TomsShopLogger.INFO: User logged in {"user_id":5,"email":"vrat03@vse.cz"} []
